<?xml version="1.0" encoding="UTF-8"?>
<!-- Generated by org.testng.reporters.JUnitReportReporter -->
<testsuite skipped="0" hostname="DESKTOP-5N8MDJD" name="testCases.LoginApplication" tests="1" failures="0" timestamp="17 Apr 2018 19:21:22 GMT" time="15.456" errors="0">
  <testcase name="login" time="15.456" classname="testCases.LoginApplication"/>
</testsuite> <!-- testCases.LoginApplication -->
